  main.cpp
d:\code_portfolio\avgmasters\homework\vector3d.cpp(25): warning C4244: 'return': conversion from 'double' to 'T', possible loss of data
          with
          [
              T=int
          ]
  d:\code_portfolio\avgmasters\homework\vector3d.cpp(24): note: while compiling class template member function 'T Vector3D<T>::Normalize(void)'
          with
          [
              T=int
          ]
  d:\code_portfolio\avgmasters\homework\main.cpp(12): note: see reference to function template instantiation 'T Vector3D<T>::Normalize(void)' being compiled
          with
          [
              T=int
          ]
  d:\code_portfolio\avgmasters\homework\main.cpp(6): note: see reference to class template instantiation 'Vector3D<int>' being compiled
d:\code_portfolio\avgmasters\homework\vector3d.cpp(30): warning C4244: 'return': conversion from 'double' to 'T', possible loss of data
          with
          [
              T=int
          ]
  d:\code_portfolio\avgmasters\homework\vector3d.cpp(29): note: while compiling class template member function 'T Vector3D<T>::distance_to(Vector3D<T> &)'
          with
          [
              T=int
          ]
  d:\code_portfolio\avgmasters\homework\main.cpp(13): note: see reference to function template instantiation 'T Vector3D<T>::distance_to(Vector3D<T> &)' being compiled
          with
          [
              T=int
          ]
  String.cpp
d:\code_portfolio\avgmasters\homework\string.cpp(31): warning C4018: '<': signed/unsigned mismatch
d:\code_portfolio\avgmasters\homework\string.cpp(35): warning C4018: '<': signed/unsigned mismatch
  Vector3D.cpp
  Generating Code...
  Homework.vcxproj -> D:\Code_PortFolio\AVGMasters\Homework\Debug\Homework.exe
